<?xml version="1.0" encoding="UTF-8"?>
<!-- Generated by org.testng.reporters.JUnitXMLReporter -->
<testsuite hostname="LAPTOP-JEI8AS0O" ignored="0" name="Test" tests="3" failures="1" timestamp="2020-07-26T16:11:07 EDT" time="19.965" errors="0">
  <testcase name="loginTest_TC00123" time="0.579" classname="testcases.LoginTest"/>
  <testcase name="loginTest_TC00128" time="0.545" classname="testcases.LoginTest"/>
  <testcase name="loginTest_TC00178" time="0.546" classname="testcases.LoginTest">
    <failure type="java.lang.AssertionError" message="expected [true] but found [false]">
      <![CDATA[java.lang.AssertionError: expected [true] but found [false]
at testcases.LoginTest.loginTest_TC00178(LoginTest.java:46)
at java.util.ArrayList.forEach(ArrayList.java:1257)
... Removed 35 stack frames]]>
    </failure>
  </testcase> <!-- loginTest_TC00178 -->
</testsuite> <!-- Test -->
