-------------------------------------------------------------------------------
Test set: TestSuite
-------------------------------------------------------------------------------
Tests run: 3, Failures: 1, Errors: 0, Skipped: 0, Time elapsed: 20.824 s <<< FAILURE! - in TestSuite
testcases.LoginTest.loginTest_TC00178  Time elapsed: 0.474 s  <<< FAILURE!
java.lang.AssertionError: expected [true] but found [false]
	at testcases.LoginTest.loginTest_TC00178(LoginTest.java:46)

